{
  "RSpec": {
    "coverage": {
      "/Users/mouse/Code/intern/crud/stock/app/models/stock.rb": [
        1,
        null,
        1,
        1,
        null,
        1,
        null,
        1,
        null,
        null
      ],
      "/Users/mouse/Code/intern/crud/stock/app/channels/application_cable/channel.rb": [
        0,
        0,
        0,
        0
      ],
      "/Users/mouse/Code/intern/crud/stock/app/channels/application_cable/connection.rb": [
        0,
        0,
        0,
        0
      ],
      "/Users/mouse/Code/intern/crud/stock/app/controllers/application_controller.rb": [
        0,
        0
      ],
      "/Users/mouse/Code/intern/crud/stock/app/controllers/stocks_controller.rb": [
        0,
        0,
        0,
        0,
        0,
        0,
        0,
        0,
        0,
        0,
        0,
        0,
        0,
        0,
        0,
        0,
        0,
        0,
        0,
        0,
        0,
        0,
        0,
        0,
        0,
        0,
        0,
        0,
        0,
        0,
        0,
        0,
        0,
        0,
        0,
        0,
        0,
        0,
        0,
        0,
        0,
        0,
        0,
        0,
        0,
        0,
        0,
        0,
        0,
        0,
        0,
        0
      ],
      "/Users/mouse/Code/intern/crud/stock/app/helpers/application_helper.rb": [
        0,
        0
      ],
      "/Users/mouse/Code/intern/crud/stock/app/helpers/stocks_helper.rb": [
        0,
        0
      ],
      "/Users/mouse/Code/intern/crud/stock/app/jobs/application_job.rb": [
        0,
        0,
        0,
        0,
        0,
        0,
        0
      ],
      "/Users/mouse/Code/intern/crud/stock/app/mailers/application_mailer.rb": [
        0,
        0,
        0,
        0
      ],
      "/Users/mouse/Code/intern/crud/stock/app/models/ability.rb": [
        0,
        0,
        0,
        0,
        0,
        0,
        0,
        0,
        0,
        0,
        0,
        0,
        0,
        0,
        0,
        0,
        0,
        0,
        0,
        0,
        0
      ],
      "/Users/mouse/Code/intern/crud/stock/app/models/application_record.rb": [
        0,
        0,
        0
      ],
      "/Users/mouse/Code/intern/crud/stock/app/models/role.rb": [
        0,
        0,
        0,
        0,
        0,
        0,
        0,
        0,
        0,
        0,
        0,
        0,
        0,
        0
      ],
      "/Users/mouse/Code/intern/crud/stock/app/models/user.rb": [
        0,
        0,
        0,
        0,
        0,
        0,
        0,
        0,
        0,
        0,
        0,
        0,
        0,
        0,
        0,
        0,
        0,
        0,
        0
      ]
    },
    "timestamp": 1637897367
  }
}
